<?xml version="1.0" encoding="UTF-8"?>
<!-- Generated by org.testng.reporters.JUnitReportReporter -->
<testsuite hostname="IRENEs-MacBook-Pro.local" failures="0" tests="1" name="testRunners.ShoppingTest" time="32.386" errors="0" timestamp="2022-07-07T22:07:23 CDT" skipped="0">
  <testcase classname="testRunners.ShoppingTest" name="runScenario" time="32.386"/>
  <system-out/>
</testsuite> <!-- testRunners.ShoppingTest -->
